<?xml version="1.0" encoding="UTF-8"?>
<!-- Generated by org.testng.reporters.JUnitXMLReporter -->
<testsuite hostname="LP-T398" ignored="0" name="SELENIUM-1441" tests="1" failures="1" timestamp="2024-01-30T14:50:57 IST" time="14.253" errors="0">
  <testcase name="main" time="14.046" classname="com.steepgraph.ta.framework.App">
    <failure type="java.lang.AssertionError" message="Input XML: testsuites\\SELENIUM-1441\\SELENIUM-1441.xml, Suite:TestPlan, Test Case:SELENIUM-1441, Element Name: SelectIndentedTableRow, AttributeMap : {criteria=text, isnew=true, selectcheckbox=true}, Frame Name : content : Exception expand attribute is not defined for selectIndentedTableRow tag.">
      <![CDATA[java.lang.AssertionError: Input XML: testsuites\\SELENIUM-1441\\SELENIUM-1441.xml, Suite:TestPlan, Test Case:SELENIUM-1441, Element Name: SelectIndentedTableRow, AttributeMap : {criteria=text, isnew=true, selectcheckbox=true}, Frame Name : content : Exception expand attribute is not defined for selectIndentedTableRow tag.
at com.steepgraph.ta.framework.App.main(App.java:351)
at java.util.ArrayList.forEach(Unknown Source)
at com.steepgraph.ta.framework.MasterApp.start(MasterApp.java:214)
at com.steepgraph.ta.framework.Launcher.main(Launcher.java:14)
... Removed 25 stack frames]]>
    </failure>
  </testcase> <!-- main -->
</testsuite> <!-- SELENIUM-1441 -->
