<?xml version="1.0" encoding="UTF-8"?>
<!-- Generated by org.testng.reporters.JUnitXMLReporter -->
<testsuite hostname="LP-T398" ignored="0" name="SELENIUM-1442" tests="1" failures="1" timestamp="2024-01-31T15:51:43 IST" time="83.286" errors="0">
  <testcase name="main" time="82.539" classname="com.steepgraph.ta.framework.App">
    <failure type="java.lang.AssertionError" message="Input XML: testsuites\\SELENIUM-1442\\SELENIUM-1442.xml, Suite:TestPlan, Test Case:SELENIUM-1442, Element Name: SelectIndentedTableRow, AttributeMap : {expand=knas, criteria=text, section=freezepan, id=SelectRow, isnew=false, selectcheckbox=true}, Frame Name : content : Exception Expected condition failed: waiting for com.steepgraph.ta.framework.common.pages.Driver$3@2c43eb8 (tried for 30 second(s) with 5000 milliseconds interval)">
      <![CDATA[java.lang.AssertionError: Input XML: testsuites\\SELENIUM-1442\\SELENIUM-1442.xml, Suite:TestPlan, Test Case:SELENIUM-1442, Element Name: SelectIndentedTableRow, AttributeMap : {expand=knas, criteria=text, section=freezepan, id=SelectRow, isnew=false, selectcheckbox=true}, Frame Name : content : Exception Expected condition failed: waiting for com.steepgraph.ta.framework.common.pages.Driver$3@2c43eb8 (tried for 30 second(s) with 5000 milliseconds interval)
at com.steepgraph.ta.framework.App.main(App.java:351)
at java.util.ArrayList.forEach(Unknown Source)
at com.steepgraph.ta.framework.MasterApp.start(MasterApp.java:214)
at com.steepgraph.ta.framework.Launcher.main(Launcher.java:14)
... Removed 25 stack frames]]>
    </failure>
  </testcase> <!-- main -->
</testsuite> <!-- SELENIUM-1442 -->
