<?xml version="1.0" encoding="UTF-8"?>
<!-- Generated by org.testng.reporters.JUnitXMLReporter -->
<testsuite hostname="LP-T398" ignored="0" name="SELENIUM-1186" tests="1" failures="1" timestamp="2024-02-12T15:52:10 IST" time="214.298" errors="0">
  <testcase name="main" time="213.588" classname="com.steepgraph.ta.framework.App">
    <failure type="java.lang.AssertionError" message="Input XML: testsuites\\SELENIUM-1186\\SELENIUM-1186.xml, Suite:TestPlan, Test Case:SELENIUM-1186, Element Name: OpenSearchResult, AttributeMap : {criteria=text, column=title, id=Search_Object_Name1, value=$csv{ObjectRevision}}, Frame Name : 27080887 : Exception Expected condition failed: waiting for com.steepgraph.ta.framework.common.pages.Driver$2@68577ba8 (tried for 30 second(s) with 5000 milliseconds interval)">
      <![CDATA[java.lang.AssertionError: Input XML: testsuites\\SELENIUM-1186\\SELENIUM-1186.xml, Suite:TestPlan, Test Case:SELENIUM-1186, Element Name: OpenSearchResult, AttributeMap : {criteria=text, column=title, id=Search_Object_Name1, value=$csv{ObjectRevision}}, Frame Name : 27080887 : Exception Expected condition failed: waiting for com.steepgraph.ta.framework.common.pages.Driver$2@68577ba8 (tried for 30 second(s) with 5000 milliseconds interval)
at com.steepgraph.ta.framework.App.main(App.java:390)
at java.util.ArrayList.forEach(Unknown Source)
at com.steepgraph.ta.framework.MasterApp.start(MasterApp.java:214)
at com.steepgraph.ta.framework.Launcher.main(Launcher.java:14)
... Removed 25 stack frames]]>
    </failure>
  </testcase> <!-- main -->
</testsuite> <!-- SELENIUM-1186 -->
