<?xml version="1.0" encoding="UTF-8"?>
<!-- Generated by org.testng.reporters.JUnitXMLReporter -->
<testsuite hostname="LP-T398" ignored="0" name="SELENIUM-1440" tests="1" failures="1" timestamp="2024-02-07T12:42:12 IST" time="28.171" errors="0">
  <testcase name="main" time="27.418" classname="com.steepgraph.ta.framework.App">
    <failure type="java.lang.AssertionError" message="Input XML: testsuites\\SELENIUM-1440\\SELENIUM-1440.xml, Suite:TestPlan, Test Case:SELENIUM-1440, Element Name: ValidateBehaviour, AttributeMap : {col=0, data=KRD 901 084/11, row=1}, Frame Name : 36855859 : Exception Test Case XML: testsuites\\SELENIUM-1440\\SELENIUM-1440.xml, Suite:  TestPlan, Test Case: SELENIUM-1440: null">
      <![CDATA[java.lang.AssertionError: Input XML: testsuites\\SELENIUM-1440\\SELENIUM-1440.xml, Suite:TestPlan, Test Case:SELENIUM-1440, Element Name: ValidateBehaviour, AttributeMap : {col=0, data=KRD 901 084/11, row=1}, Frame Name : 36855859 : Exception Test Case XML: testsuites\\SELENIUM-1440\\SELENIUM-1440.xml, Suite:  TestPlan, Test Case: SELENIUM-1440: null
at com.steepgraph.ta.framework.App.main(App.java:351)
at java.util.ArrayList.forEach(Unknown Source)
at com.steepgraph.ta.framework.MasterApp.start(MasterApp.java:214)
at com.steepgraph.ta.framework.Launcher.main(Launcher.java:14)
... Removed 25 stack frames]]>
    </failure>
  </testcase> <!-- main -->
</testsuite> <!-- SELENIUM-1440 -->
